Warning[205] D:\MPLABXPROJECTS\PRACTICAS_CURSO_BASICO\7_PRIORIDADESINT.X\MAIN.ASM 18 : Found directive in column 1. (LIST)
Warning[205] D:\MPLABXPROJECTS\PRACTICAS_CURSO_BASICO\7_PRIORIDADESINT.X\MAIN.ASM 19 : Found directive in column 1. (INCLUDE)
Warning[205] D:\MPLABXPROJECTS\PRACTICAS_CURSO_BASICO\7_PRIORIDADESINT.X\MAIN.ASM 23 : Found directive in column 1. (CONFIG)
Warning[205] D:\MPLABXPROJECTS\PRACTICAS_CURSO_BASICO\7_PRIORIDADESINT.X\MAIN.ASM 24 : Found directive in column 1. (CONFIG)
Warning[205] D:\MPLABXPROJECTS\PRACTICAS_CURSO_BASICO\7_PRIORIDADESINT.X\MAIN.ASM 25 : Found directive in column 1. (CONFIG)
Warning[205] D:\MPLABXPROJECTS\PRACTICAS_CURSO_BASICO\7_PRIORIDADESINT.X\MAIN.ASM 26 : Found directive in column 1. (CONFIG)
Warning[205] D:\MPLABXPROJECTS\PRACTICAS_CURSO_BASICO\7_PRIORIDADESINT.X\MAIN.ASM 27 : Found directive in column 1. (CONFIG)
Warning[205] D:\MPLABXPROJECTS\PRACTICAS_CURSO_BASICO\7_PRIORIDADESINT.X\MAIN.ASM 28 : Found directive in column 1. (CONFIG)
Warning[205] D:\MPLABXPROJECTS\PRACTICAS_CURSO_BASICO\7_PRIORIDADESINT.X\MAIN.ASM 29 : Found directive in column 1. (CONFIG)
Warning[205] D:\MPLABXPROJECTS\PRACTICAS_CURSO_BASICO\7_PRIORIDADESINT.X\MAIN.ASM 30 : Found directive in column 1. (CONFIG)
Warning[205] D:\MPLABXPROJECTS\PRACTICAS_CURSO_BASICO\7_PRIORIDADESINT.X\MAIN.ASM 31 : Found directive in column 1. (CONFIG)
Warning[205] D:\MPLABXPROJECTS\PRACTICAS_CURSO_BASICO\7_PRIORIDADESINT.X\MAIN.ASM 33 : Found directive in column 1. (CBLOCK)
Warning[205] D:\MPLABXPROJECTS\PRACTICAS_CURSO_BASICO\7_PRIORIDADESINT.X\MAIN.ASM 39 : Found directive in column 1. (ENDC)
Warning[205] D:\MPLABXPROJECTS\PRACTICAS_CURSO_BASICO\7_PRIORIDADESINT.X\MAIN.ASM 41 : Found directive in column 1. (ORG)
Warning[205] D:\MPLABXPROJECTS\PRACTICAS_CURSO_BASICO\7_PRIORIDADESINT.X\MAIN.ASM 44 : Found directive in column 1. (ORG)
Warning[205] D:\MPLABXPROJECTS\PRACTICAS_CURSO_BASICO\7_PRIORIDADESINT.X\MAIN.ASM 47 : Found directive in column 1. (ORG)
Warning[207] D:\MPLABXPROJECTS\PRACTICAS_CURSO_BASICO\7_PRIORIDADESINT.X\MAIN.ASM 51 : Found label after column 1. (INICIO)
Warning[207] D:\MPLABXPROJECTS\PRACTICAS_CURSO_BASICO\7_PRIORIDADESINT.X\MAIN.ASM 81 : Found label after column 1. (BUCLE)
Warning[207] D:\MPLABXPROJECTS\PRACTICAS_CURSO_BASICO\7_PRIORIDADESINT.X\MAIN.ASM 85 : Found label after column 1. (ISR_H)
Warning[207] D:\MPLABXPROJECTS\PRACTICAS_CURSO_BASICO\7_PRIORIDADESINT.X\MAIN.ASM 92 : Found label after column 1. (ISR_L)
Warning[207] D:\MPLABXPROJECTS\PRACTICAS_CURSO_BASICO\7_PRIORIDADESINT.X\MAIN.ASM 101 : Found label after column 1. (RETARDO1s)
